<?xml version="1.0" encoding="UTF-8"?>
<testsuite xmlns:xsi="http://www.w3.org/2001/XMLSchema-instance" xsi:noNamespaceSchemaLocation="https://maven.apache.org/surefire/maven-surefire-plugin/xsd/surefire-test-report.xsd" version="3.0.2" name="cn.edu.ctgu.BillingCalculatorTest$DSTTests" time="0.015" tests="2" errors="0" skipped="0" failures="0">
  <properties>
    <property name="java.specification.version" value="17"/>
    <property name="sun.cpu.isalist" value="amd64"/>
    <property name="sun.jnu.encoding" value="GBK"/>
    <property name="java.class.path" value="E:\githubRepository\SoftwareTesting\BillingCaclulate\target\test-classes;E:\githubRepository\SoftwareTesting\BillingCaclulate\target\classes;E:\Scoop\apps\maven\current\Repository\org\junit\jupiter\junit-jupiter\5.11.3\junit-jupiter-5.11.3.jar;E:\Scoop\apps\maven\current\Repository\org\junit\jupiter\junit-jupiter-api\5.11.3\junit-jupiter-api-5.11.3.jar;E:\Scoop\apps\maven\current\Repository\org\opentest4j\opentest4j\1.3.0\opentest4j-1.3.0.jar;E:\Scoop\apps\maven\current\Repository\org\junit\platform\junit-platform-commons\1.11.3\junit-platform-commons-1.11.3.jar;E:\Scoop\apps\maven\current\Repository\org\apiguardian\apiguardian-api\1.1.2\apiguardian-api-1.1.2.jar;E:\Scoop\apps\maven\current\Repository\org\junit\jupiter\junit-jupiter-params\5.11.3\junit-jupiter-params-5.11.3.jar;E:\Scoop\apps\maven\current\Repository\org\junit\jupiter\junit-jupiter-engine\5.11.3\junit-jupiter-engine-5.11.3.jar;E:\Scoop\apps\maven\current\Repository\org\junit\platform\junit-platform-engine\1.11.3\junit-platform-engine-1.11.3.jar;E:\Scoop\apps\maven\current\Repository\ch\qos\logback\logback-classic\1.2.3\logback-classic-1.2.3.jar;E:\Scoop\apps\maven\current\Repository\ch\qos\logback\logback-core\1.2.11\logback-core-1.2.11.jar;E:\Scoop\apps\maven\current\Repository\org\slf4j\slf4j-api\1.7.36\slf4j-api-1.7.36.jar;E:\Scoop\apps\maven\current\Repository\org\springframework\boot\spring-boot-starter\2.7.2\spring-boot-starter-2.7.2.jar;E:\Scoop\apps\maven\current\Repository\org\springframework\boot\spring-boot\2.7.2\spring-boot-2.7.2.jar;E:\Scoop\apps\maven\current\Repository\org\springframework\spring-context\5.3.22\spring-context-5.3.22.jar;E:\Scoop\apps\maven\current\Repository\org\springframework\spring-aop\5.3.22\spring-aop-5.3.22.jar;E:\Scoop\apps\maven\current\Repository\org\springframework\spring-beans\5.3.22\spring-beans-5.3.22.jar;E:\Scoop\apps\maven\current\Repository\org\springframework\spring-expression\5.3.22\spring-expression-5.3.22.jar;E:\Scoop\apps\maven\current\Repository\org\springframework\boot\spring-boot-autoconfigure\2.7.2\spring-boot-autoconfigure-2.7.2.jar;E:\Scoop\apps\maven\current\Repository\org\springframework\boot\spring-boot-starter-logging\2.7.2\spring-boot-starter-logging-2.7.2.jar;E:\Scoop\apps\maven\current\Repository\org\apache\logging\log4j\log4j-to-slf4j\2.17.2\log4j-to-slf4j-2.17.2.jar;E:\Scoop\apps\maven\current\Repository\org\apache\logging\log4j\log4j-api\2.17.2\log4j-api-2.17.2.jar;E:\Scoop\apps\maven\current\Repository\org\slf4j\jul-to-slf4j\1.7.36\jul-to-slf4j-1.7.36.jar;E:\Scoop\apps\maven\current\Repository\jakarta\annotation\jakarta.annotation-api\1.3.5\jakarta.annotation-api-1.3.5.jar;E:\Scoop\apps\maven\current\Repository\org\springframework\spring-core\5.3.22\spring-core-5.3.22.jar;E:\Scoop\apps\maven\current\Repository\org\springframework\spring-jcl\5.3.22\spring-jcl-5.3.22.jar;E:\Scoop\apps\maven\current\Repository\org\yaml\snakeyaml\1.30\snakeyaml-1.30.jar;E:\Scoop\apps\maven\current\Repository\org\springframework\boot\spring-boot-starter-test\2.7.2\spring-boot-starter-test-2.7.2.jar;E:\Scoop\apps\maven\current\Repository\org\springframework\boot\spring-boot-test\2.7.2\spring-boot-test-2.7.2.jar;E:\Scoop\apps\maven\current\Repository\org\springframework\boot\spring-boot-test-autoconfigure\2.7.2\spring-boot-test-autoconfigure-2.7.2.jar;E:\Scoop\apps\maven\current\Repository\com\jayway\jsonpath\json-path\2.7.0\json-path-2.7.0.jar;E:\Scoop\apps\maven\current\Repository\net\minidev\json-smart\2.4.8\json-smart-2.4.8.jar;E:\Scoop\apps\maven\current\Repository\net\minidev\accessors-smart\2.4.8\accessors-smart-2.4.8.jar;E:\Scoop\apps\maven\current\Repository\org\ow2\asm\asm\9.1\asm-9.1.jar;E:\Scoop\apps\maven\current\Repository\jakarta\xml\bind\jakarta.xml.bind-api\2.3.3\jakarta.xml.bind-api-2.3.3.jar;E:\Scoop\apps\maven\current\Repository\jakarta\activation\jakarta.activation-api\1.2.2\jakarta.activation-api-1.2.2.jar;E:\Scoop\apps\maven\current\Repository\org\assertj\assertj-core\3.22.0\assertj-core-3.22.0.jar;E:\Scoop\apps\maven\current\Repository\org\hamcrest\hamcrest\2.2\hamcrest-2.2.jar;E:\Scoop\apps\maven\current\Repository\org\mockito\mockito-core\4.5.1\mockito-core-4.5.1.jar;E:\Scoop\apps\maven\current\Repository\net\bytebuddy\byte-buddy\1.12.12\byte-buddy-1.12.12.jar;E:\Scoop\apps\maven\current\Repository\net\bytebuddy\byte-buddy-agent\1.12.12\byte-buddy-agent-1.12.12.jar;E:\Scoop\apps\maven\current\Repository\org\objenesis\objenesis\3.2\objenesis-3.2.jar;E:\Scoop\apps\maven\current\Repository\org\mockito\mockito-junit-jupiter\4.5.1\mockito-junit-jupiter-4.5.1.jar;E:\Scoop\apps\maven\current\Repository\org\skyscreamer\jsonassert\1.5.1\jsonassert-1.5.1.jar;E:\Scoop\apps\maven\current\Repository\com\vaadin\external\google\android-json\0.0.20131108.vaadin1\android-json-0.0.20131108.vaadin1.jar;E:\Scoop\apps\maven\current\Repository\org\springframework\spring-test\5.3.22\spring-test-5.3.22.jar;E:\Scoop\apps\maven\current\Repository\org\xmlunit\xmlunit-core\2.9.0\xmlunit-core-2.9.0.jar;E:\Scoop\apps\maven\current\Repository\junit\junit\4.13.2\junit-4.13.2.jar;E:\Scoop\apps\maven\current\Repository\org\hamcrest\hamcrest-core\2.2\hamcrest-core-2.2.jar;"/>
    <property name="java.vm.vendor" value="Oracle Corporation"/>
    <property name="sun.arch.data.model" value="64"/>
    <property name="user.variant" value=""/>
    <property name="java.vendor.url" value="https://java.oracle.com/"/>
    <property name="user.timezone" value="Asia/Shanghai"/>
    <property name="os.name" value="Windows 11"/>
    <property name="java.vm.specification.version" value="17"/>
    <property name="sun.java.launcher" value="SUN_STANDARD"/>
    <property name="user.country" value="CN"/>
    <property name="sun.boot.library.path" value="E:\Scoop\apps\openjdk17\current\bin"/>
    <property name="sun.java.command" value="C:\Users\86187\AppData\Local\Temp\surefire3317577080143800855\surefirebooter-20250317172030905_3.jar C:\Users\86187\AppData\Local\Temp\surefire3317577080143800855 2025-03-17T17-20-30_765-jvmRun1 surefire-20250317172030905_1tmp surefire_0-20250317172030905_2tmp"/>
    <property name="jdk.debug" value="release"/>
    <property name="surefire.test.class.path" value="E:\githubRepository\SoftwareTesting\BillingCaclulate\target\test-classes;E:\githubRepository\SoftwareTesting\BillingCaclulate\target\classes;E:\Scoop\apps\maven\current\Repository\org\junit\jupiter\junit-jupiter\5.11.3\junit-jupiter-5.11.3.jar;E:\Scoop\apps\maven\current\Repository\org\junit\jupiter\junit-jupiter-api\5.11.3\junit-jupiter-api-5.11.3.jar;E:\Scoop\apps\maven\current\Repository\org\opentest4j\opentest4j\1.3.0\opentest4j-1.3.0.jar;E:\Scoop\apps\maven\current\Repository\org\junit\platform\junit-platform-commons\1.11.3\junit-platform-commons-1.11.3.jar;E:\Scoop\apps\maven\current\Repository\org\apiguardian\apiguardian-api\1.1.2\apiguardian-api-1.1.2.jar;E:\Scoop\apps\maven\current\Repository\org\junit\jupiter\junit-jupiter-params\5.11.3\junit-jupiter-params-5.11.3.jar;E:\Scoop\apps\maven\current\Repository\org\junit\jupiter\junit-jupiter-engine\5.11.3\junit-jupiter-engine-5.11.3.jar;E:\Scoop\apps\maven\current\Repository\org\junit\platform\junit-platform-engine\1.11.3\junit-platform-engine-1.11.3.jar;E:\Scoop\apps\maven\current\Repository\ch\qos\logback\logback-classic\1.2.3\logback-classic-1.2.3.jar;E:\Scoop\apps\maven\current\Repository\ch\qos\logback\logback-core\1.2.11\logback-core-1.2.11.jar;E:\Scoop\apps\maven\current\Repository\org\slf4j\slf4j-api\1.7.36\slf4j-api-1.7.36.jar;E:\Scoop\apps\maven\current\Repository\org\springframework\boot\spring-boot-starter\2.7.2\spring-boot-starter-2.7.2.jar;E:\Scoop\apps\maven\current\Repository\org\springframework\boot\spring-boot\2.7.2\spring-boot-2.7.2.jar;E:\Scoop\apps\maven\current\Repository\org\springframework\spring-context\5.3.22\spring-context-5.3.22.jar;E:\Scoop\apps\maven\current\Repository\org\springframework\spring-aop\5.3.22\spring-aop-5.3.22.jar;E:\Scoop\apps\maven\current\Repository\org\springframework\spring-beans\5.3.22\spring-beans-5.3.22.jar;E:\Scoop\apps\maven\current\Repository\org\springframework\spring-expression\5.3.22\spring-expression-5.3.22.jar;E:\Scoop\apps\maven\current\Repository\org\springframework\boot\spring-boot-autoconfigure\2.7.2\spring-boot-autoconfigure-2.7.2.jar;E:\Scoop\apps\maven\current\Repository\org\springframework\boot\spring-boot-starter-logging\2.7.2\spring-boot-starter-logging-2.7.2.jar;E:\Scoop\apps\maven\current\Repository\org\apache\logging\log4j\log4j-to-slf4j\2.17.2\log4j-to-slf4j-2.17.2.jar;E:\Scoop\apps\maven\current\Repository\org\apache\logging\log4j\log4j-api\2.17.2\log4j-api-2.17.2.jar;E:\Scoop\apps\maven\current\Repository\org\slf4j\jul-to-slf4j\1.7.36\jul-to-slf4j-1.7.36.jar;E:\Scoop\apps\maven\current\Repository\jakarta\annotation\jakarta.annotation-api\1.3.5\jakarta.annotation-api-1.3.5.jar;E:\Scoop\apps\maven\current\Repository\org\springframework\spring-core\5.3.22\spring-core-5.3.22.jar;E:\Scoop\apps\maven\current\Repository\org\springframework\spring-jcl\5.3.22\spring-jcl-5.3.22.jar;E:\Scoop\apps\maven\current\Repository\org\yaml\snakeyaml\1.30\snakeyaml-1.30.jar;E:\Scoop\apps\maven\current\Repository\org\springframework\boot\spring-boot-starter-test\2.7.2\spring-boot-starter-test-2.7.2.jar;E:\Scoop\apps\maven\current\Repository\org\springframework\boot\spring-boot-test\2.7.2\spring-boot-test-2.7.2.jar;E:\Scoop\apps\maven\current\Repository\org\springframework\boot\spring-boot-test-autoconfigure\2.7.2\spring-boot-test-autoconfigure-2.7.2.jar;E:\Scoop\apps\maven\current\Repository\com\jayway\jsonpath\json-path\2.7.0\json-path-2.7.0.jar;E:\Scoop\apps\maven\current\Repository\net\minidev\json-smart\2.4.8\json-smart-2.4.8.jar;E:\Scoop\apps\maven\current\Repository\net\minidev\accessors-smart\2.4.8\accessors-smart-2.4.8.jar;E:\Scoop\apps\maven\current\Repository\org\ow2\asm\asm\9.1\asm-9.1.jar;E:\Scoop\apps\maven\current\Repository\jakarta\xml\bind\jakarta.xml.bind-api\2.3.3\jakarta.xml.bind-api-2.3.3.jar;E:\Scoop\apps\maven\current\Repository\jakarta\activation\jakarta.activation-api\1.2.2\jakarta.activation-api-1.2.2.jar;E:\Scoop\apps\maven\current\Repository\org\assertj\assertj-core\3.22.0\assertj-core-3.22.0.jar;E:\Scoop\apps\maven\current\Repository\org\hamcrest\hamcrest\2.2\hamcrest-2.2.jar;E:\Scoop\apps\maven\current\Repository\org\mockito\mockito-core\4.5.1\mockito-core-4.5.1.jar;E:\Scoop\apps\maven\current\Repository\net\bytebuddy\byte-buddy\1.12.12\byte-buddy-1.12.12.jar;E:\Scoop\apps\maven\current\Repository\net\bytebuddy\byte-buddy-agent\1.12.12\byte-buddy-agent-1.12.12.jar;E:\Scoop\apps\maven\current\Repository\org\objenesis\objenesis\3.2\objenesis-3.2.jar;E:\Scoop\apps\maven\current\Repository\org\mockito\mockito-junit-jupiter\4.5.1\mockito-junit-jupiter-4.5.1.jar;E:\Scoop\apps\maven\current\Repository\org\skyscreamer\jsonassert\1.5.1\jsonassert-1.5.1.jar;E:\Scoop\apps\maven\current\Repository\com\vaadin\external\google\android-json\0.0.20131108.vaadin1\android-json-0.0.20131108.vaadin1.jar;E:\Scoop\apps\maven\current\Repository\org\springframework\spring-test\5.3.22\spring-test-5.3.22.jar;E:\Scoop\apps\maven\current\Repository\org\xmlunit\xmlunit-core\2.9.0\xmlunit-core-2.9.0.jar;E:\Scoop\apps\maven\current\Repository\junit\junit\4.13.2\junit-4.13.2.jar;E:\Scoop\apps\maven\current\Repository\org\hamcrest\hamcrest-core\2.2\hamcrest-core-2.2.jar;"/>
    <property name="sun.cpu.endian" value="little"/>
    <property name="user.home" value="C:\Users\86187"/>
    <property name="user.language" value="zh"/>
    <property name="java.specification.vendor" value="Oracle Corporation"/>
    <property name="java.version.date" value="2022-01-18"/>
    <property name="java.home" value="E:\Scoop\apps\openjdk17\current"/>
    <property name="file.separator" value="\"/>
    <property name="basedir" value="E:\githubRepository\SoftwareTesting\BillingCaclulate"/>
    <property name="java.vm.compressedOopsMode" value="Zero based"/>
    <property name="line.separator" value="&#10;"/>
    <property name="java.vm.specification.vendor" value="Oracle Corporation"/>
    <property name="java.specification.name" value="Java Platform API Specification"/>
    <property name="surefire.real.class.path" value="C:\Users\86187\AppData\Local\Temp\surefire3317577080143800855\surefirebooter-20250317172030905_3.jar"/>
    <property name="user.script" value=""/>
    <property name="sun.management.compiler" value="HotSpot 64-Bit Tiered Compilers"/>
    <property name="java.runtime.version" value="17.0.2+8-86"/>
    <property name="user.name" value="86187"/>
    <property name="path.separator" value=";"/>
    <property name="os.version" value="10.0"/>
    <property name="java.runtime.name" value="OpenJDK Runtime Environment"/>
    <property name="file.encoding" value="GBK"/>
    <property name="java.vm.name" value="OpenJDK 64-Bit Server VM"/>
    <property name="localRepository" value="E:\Scoop\apps\maven\current\Repository"/>
    <property name="java.vendor.url.bug" value="https://bugreport.java.com/bugreport/"/>
    <property name="java.io.tmpdir" value="C:\Users\86187\AppData\Local\Temp\"/>
    <property name="idea.version" value="2023.2.1"/>
    <property name="java.version" value="17.0.2"/>
    <property name="user.dir" value="E:\githubRepository\SoftwareTesting\BillingCaclulate"/>
    <property name="os.arch" value="amd64"/>
    <property name="java.vm.specification.name" value="Java Virtual Machine Specification"/>
    <property name="sun.os.patch.level" value=""/>
    <property name="native.encoding" value="GBK"/>
    <property name="java.library.path" value="E:\Scoop\apps\openjdk17\current\bin;C:\Windows\Sun\Java\bin;C:\Windows\system32;C:\Windows;D:\tool\vmware\bin\;C:\Program Files\OpenSSH\;C:\Windows\System32;C:\Windows\System32\WindowsPowerShell\v1.0;E:\compile-test\git\Git\cmd;C:\Users\86187\AppData\Local\Programs\Python\Launcher\;C:\Users\86187\AppData\Local\Microsoft\WindowsApps;E:\vs code\mingw64\bin;E:\vs code\VSCode\Microsoft VS Code\bin;E:\IDEA\MYSQL\mysql-8.3.0-winx64\bin;C:\Windows\System32\OpenSSH;C:\Windows;C:\Windows\System32\Wbem;E:\Scoop\apps\openjdk17\current\bin;E:\Scoop\apps\nodejs20\current\bin;E:\Scoop\apps\nodejs20\current;E:\Scoop\apps\maven\current\bin;E:\Scoop\shims;C:\Users\86187\AppData\Local\Programs\Python\Launcher\;C:\Users\86187\AppData\Local\Microsoft\WindowsApps;E:\vs code\mingw64\bin;C:\Windows\System32;E:\vs code\Microsoft VS Code\bin;C:\Users\86187\AppData\Local\Programs\Ollama;E:\IDEA\GoLand 2023.2.8\bin;;."/>
    <property name="java.vm.info" value="mixed mode, sharing"/>
    <property name="java.vendor" value="Oracle Corporation"/>
    <property name="java.vm.version" value="17.0.2+8-86"/>
    <property name="sun.io.unicode.encoding" value="UnicodeLittle"/>
    <property name="maven.repo.local" value="E:\Scoop\apps\maven\current\Repository"/>
    <property name="java.class.version" value="61.0"/>
  </properties>
  <testcase name="testCallWithinFallDSTOverlap" classname="cn.edu.ctgu.BillingCalculatorTest$DSTTests" time="0.011"/>
  <testcase name="testSpringDSTWithCorrectDate" classname="cn.edu.ctgu.BillingCalculatorTest$DSTTests" time="0.001"/>
</testsuite>